<?xml version="1.0"?><coverage lines-covered="264" lines-valid="580" line-rate="0.45517241379310347" branches-covered="0" branches-valid="0" branch-rate="0" complexity="0" version="1.9" timestamp="1754468614"><sources><source>/Users/joe/github/deadjoe/loro</source></sources><packages><package name="src" line-rate="0.45517241379310347" branch-rate="0" complexity="0"><classes><class name="config" filename="src/config.rs" line-rate="0.6875" branch-rate="0" complexity="0"><methods/><lines><line number="26" hits="9"/><line number="28" hits="18"/><line number="31" hits="9"/><line number="49" hits="0"/><line number="54" hits="9"/><line number="61" hits="9"/><line number="65" hits="9"/><line number="69" hits="9"/><line number="76" hits="0"/><line number="77" hits="9"/><line number="80" hits="27"/><line number="82" hits="54"/><line number="83" hits="3"/><line number="86" hits="0"/><line number="96" hits="0"/><line number="97" hits="0"/><line number="100" hits="24"/><line number="101" hits="2"/><line number="102" hits="2"/><line number="107" hits="44"/><line number="108" hits="0"/><line number="111" hits="0"/><line number="115" hits="19"/><line number="116" hits="6"/><line number="117" hits="6"/><line number="120" hits="16"/><line number="121" hits="0"/><line number="122" hits="0"/><line number="126" hits="0"/><line number="128" hits="14"/><line number="129" hits="4"/><line number="130" hits="4"/></lines></class><class name="errors" filename="src/errors.rs" line-rate="1" branch-rate="0" complexity="0"><methods/><lines><line number="43" hits="3"/><line number="44" hits="5"/><line number="47" hits="2"/><line number="48" hits="3"/><line number="51" hits="2"/><line number="52" hits="3"/></lines></class><class name="main" filename="src/main.rs" line-rate="0" branch-rate="0" complexity="0"><methods/><lines><line number="24" hits="0"/><line number="26" hits="0"/><line number="28" hits="0"/><line number="29" hits="0"/><line number="38" hits="0"/><line number="39" hits="0"/><line number="40" hits="0"/><line number="45" hits="0"/><line number="48" hits="0"/><line number="49" hits="0"/><line number="50" hits="0"/><line number="51" hits="0"/><line number="52" hits="0"/><line number="53" hits="0"/><line number="54" hits="0"/><line number="55" hits="0"/><line number="56" hits="0"/><line number="59" hits="0"/><line number="60" hits="0"/><line number="62" hits="0"/><line number="64" hits="0"/><line number="67" hits="0"/><line number="68" hits="0"/><line number="69" hits="0"/><line number="70" hits="0"/><line number="71" hits="0"/><line number="75" hits="0"/><line number="76" hits="0"/><line number="77" hits="0"/><line number="81" hits="0"/><line number="86" hits="0"/><line number="87" hits="0"/><line number="88" hits="0"/><line number="89" hits="0"/><line number="90" hits="0"/><line number="91" hits="0"/><line number="92" hits="0"/><line number="93" hits="0"/><line number="94" hits="0"/><line number="100" hits="0"/><line number="101" hits="0"/><line number="102" hits="0"/><line number="103" hits="0"/><line number="104" hits="0"/><line number="105" hits="0"/><line number="106" hits="0"/><line number="107" hits="0"/><line number="108" hits="0"/><line number="109" hits="0"/><line number="110" hits="0"/><line number="111" hits="0"/><line number="116" hits="0"/><line number="118" hits="0"/><line number="119" hits="0"/><line number="120" hits="0"/><line number="121" hits="0"/><line number="122" hits="0"/><line number="123" hits="0"/><line number="124" hits="0"/><line number="125" hits="0"/><line number="129" hits="0"/><line number="130" hits="0"/><line number="131" hits="0"/><line number="132" hits="0"/><line number="133" hits="0"/><line number="134" hits="0"/><line number="135" hits="0"/><line number="139" hits="0"/><line number="140" hits="0"/><line number="141" hits="0"/><line number="142" hits="0"/><line number="143" hits="0"/><line number="144" hits="0"/><line number="145" hits="0"/><line number="150" hits="0"/><line number="155" hits="0"/><line number="156" hits="0"/><line number="159" hits="0"/><line number="160" hits="0"/><line number="161" hits="0"/><line number="162" hits="0"/></lines></class><class name="models" filename="src/models.rs" line-rate="0.8301886792452831" branch-rate="0" complexity="0"><methods/><lines><line number="28" hits="14"/><line number="29" hits="28"/><line number="30" hits="1"/><line number="33" hits="0"/><line number="34" hits="2"/><line number="37" hits="22"/><line number="38" hits="22"/><line number="39" hits="0"/><line number="41" hits="0"/><line number="42" hits="1"/><line number="44" hits="0"/><line number="45" hits="2"/><line number="49" hits="16"/><line number="50" hits="7"/><line number="51" hits="2"/><line number="55" hits="11"/><line number="56" hits="3"/><line number="59" hits="0"/><line number="70" hits="0"/><line number="71" hits="0"/><line number="74" hits="0"/><line number="75" hits="0"/><line number="200" hits="32"/><line number="201" hits="32"/><line number="202" hits="7"/><line number="203" hits="6"/><line number="204" hits="6"/><line number="205" hits="13"/><line number="211" hits="21"/><line number="212" hits="42"/><line number="215" hits="21"/><line number="216" hits="17"/><line number="217" hits="16"/><line number="218" hits="16"/><line number="220" hits="5"/><line number="223" hits="16"/><line number="224" hits="14"/><line number="225" hits="14"/><line number="226" hits="14"/><line number="227" hits="14"/><line number="228" hits="14"/><line number="229" hits="13"/><line number="230" hits="13"/><line number="231" hits="13"/><line number="233" hits="3"/><line number="236" hits="13"/><line number="237" hits="11"/><line number="238" hits="11"/><line number="239" hits="11"/><line number="240" hits="11"/><line number="241" hits="10"/><line number="243" hits="3"/><line number="245" hits="10"/></lines></class><class name="service" filename="src/service.rs" line-rate="0.38387096774193546" branch-rate="0" complexity="0"><methods/><lines><line number="26" hits="12"/><line number="27" hits="12"/><line number="28" hits="18"/><line number="29" hits="12"/><line number="31" hits="12"/><line number="36" hits="0"/><line number="37" hits="0"/><line number="40" hits="0"/><line number="42" hits="0"/><line number="43" hits="0"/><line number="44" hits="0"/><line number="45" hits="0"/><line number="46" hits="0"/><line number="50" hits="14"/><line number="51" hits="14"/><line number="53" hits="7"/><line number="54" hits="0"/><line number="58" hits="7"/><line number="59" hits="4"/><line number="61" hits="12"/><line number="64" hits="0"/><line number="65" hits="0"/><line number="66" hits="0"/><line number="67" hits="0"/><line number="68" hits="0"/><line number="72" hits="0"/><line number="75" hits="6"/><line number="79" hits="12"/><line number="80" hits="18"/><line number="83" hits="18"/><line number="84" hits="18"/><line number="87" hits="12"/><line number="88" hits="24"/><line number="89" hits="0"/><line number="91" hits="0"/><line number="92" hits="0"/><line number="98" hits="0"/><line number="99" hits="0"/><line number="100" hits="0"/><line number="102" hits="0"/><line number="113" hits="6"/><line number="114" hits="0"/><line number="115" hits="0"/><line number="116" hits="0"/><line number="117" hits="0"/><line number="120" hits="0"/><line number="121" hits="6"/><line number="123" hits="0"/><line number="124" hits="0"/><line number="125" hits="0"/><line number="126" hits="0"/><line number="127" hits="0"/><line number="129" hits="0"/><line number="130" hits="0"/><line number="132" hits="0"/><line number="133" hits="0"/><line number="134" hits="0"/><line number="135" hits="0"/><line number="136" hits="0"/><line number="139" hits="0"/><line number="141" hits="0"/><line number="146" hits="0"/><line number="147" hits="0"/><line number="148" hits="0"/><line number="150" hits="0"/><line number="153" hits="1"/><line number="157" hits="2"/><line number="158" hits="5"/><line number="160" hits="0"/><line number="161" hits="0"/><line number="162" hits="0"/><line number="163" hits="0"/><line number="164" hits="0"/><line number="166" hits="0"/><line number="167" hits="0"/><line number="169" hits="0"/><line number="170" hits="0"/><line number="171" hits="0"/><line number="172" hits="0"/><line number="173" hits="0"/><line number="176" hits="0"/><line number="178" hits="0"/><line number="182" hits="0"/><line number="183" hits="0"/><line number="185" hits="0"/><line number="188" hits="12"/><line number="190" hits="12"/><line number="191" hits="0"/><line number="195" hits="0"/><line number="196" hits="0"/><line number="197" hits="0"/><line number="198" hits="0"/><line number="201" hits="6"/><line number="202" hits="6"/><line number="207" hits="6"/><line number="209" hits="0"/><line number="210" hits="0"/><line number="211" hits="0"/><line number="212" hits="0"/><line number="214" hits="0"/><line number="217" hits="12"/><line number="218" hits="12"/><line number="219" hits="0"/><line number="222" hits="0"/><line number="224" hits="0"/><line number="225" hits="0"/><line number="228" hits="0"/><line number="229" hits="0"/><line number="230" hits="0"/><line number="231" hits="0"/><line number="233" hits="0"/><line number="234" hits="0"/><line number="235" hits="0"/><line number="240" hits="6"/><line number="242" hits="12"/><line number="243" hits="6"/><line number="244" hits="6"/><line number="245" hits="6"/><line number="247" hits="6"/><line number="248" hits="6"/><line number="249" hits="18"/><line number="252" hits="6"/><line number="253" hits="6"/><line number="254" hits="6"/><line number="255" hits="6"/><line number="256" hits="6"/><line number="257" hits="6"/><line number="258" hits="6"/><line number="259" hits="6"/><line number="260" hits="6"/><line number="261" hits="6"/><line number="262" hits="6"/><line number="267" hits="0"/><line number="268" hits="0"/><line number="269" hits="0"/><line number="270" hits="0"/><line number="271" hits="0"/><line number="272" hits="0"/><line number="273" hits="0"/><line number="274" hits="0"/><line number="275" hits="0"/><line number="276" hits="0"/><line number="277" hits="0"/><line number="282" hits="0"/><line number="283" hits="12"/><line number="285" hits="0"/><line number="288" hits="0"/><line number="289" hits="0"/><line number="291" hits="0"/><line number="294" hits="6"/><line number="295" hits="24"/><line number="296" hits="6"/><line number="297" hits="6"/><line number="302" hits="0"/><line number="303" hits="0"/><line number="305" hits="0"/><line number="309" hits="0"/><line number="310" hits="6"/><line number="311" hits="12"/><line number="312" hits="6"/><line number="313" hits="6"/><line number="314" hits="6"/><line number="315" hits="6"/><line number="320" hits="0"/><line number="322" hits="0"/><line number="324" hits="0"/><line number="326" hits="0"/><line number="329" hits="0"/><line number="331" hits="0"/><line number="334" hits="0"/><line number="335" hits="0"/><line number="337" hits="0"/><line number="338" hits="0"/><line number="339" hits="0"/><line number="343" hits="0"/><line number="346" hits="0"/><line number="348" hits="0"/><line number="349" hits="0"/><line number="352" hits="0"/><line number="353" hits="0"/><line number="354" hits="0"/><line number="356" hits="0"/><line number="359" hits="7"/><line number="365" hits="21"/><line number="366" hits="28"/><line number="367" hits="28"/><line number="368" hits="21"/><line number="371" hits="21"/><line number="372" hits="0"/><line number="373" hits="0"/><line number="374" hits="0"/><line number="379" hits="21"/><line number="381" hits="28"/><line number="382" hits="14"/><line number="386" hits="14"/><line number="391" hits="14"/><line number="392" hits="7"/><line number="393" hits="14"/><line number="394" hits="7"/><line number="398" hits="14"/><line number="401" hits="14"/><line number="402" hits="28"/><line number="403" hits="7"/><line number="404" hits="7"/><line number="408" hits="21"/><line number="410" hits="7"/><line number="413" hits="0"/><line number="414" hits="7"/><line number="415" hits="14"/><line number="416" hits="7"/><line number="417" hits="7"/><line number="418" hits="7"/><line number="419" hits="7"/><line number="423" hits="0"/><line number="424" hits="0"/><line number="425" hits="0"/><line number="429" hits="0"/><line number="430" hits="0"/><line number="431" hits="0"/><line number="432" hits="0"/><line number="433" hits="0"/><line number="436" hits="0"/><line number="437" hits="0"/><line number="438" hits="0"/><line number="439" hits="0"/><line number="440" hits="0"/><line number="441" hits="0"/><line number="442" hits="0"/><line number="443" hits="0"/><line number="449" hits="0"/><line number="451" hits="0"/><line number="453" hits="0"/><line number="454" hits="0"/><line number="455" hits="0"/><line number="456" hits="0"/><line number="457" hits="0"/><line number="458" hits="0"/><line number="459" hits="0"/><line number="460" hits="0"/><line number="461" hits="0"/><line number="462" hits="0"/><line number="464" hits="0"/><line number="468" hits="0"/><line number="469" hits="0"/><line number="470" hits="0"/><line number="471" hits="0"/><line number="472" hits="0"/><line number="473" hits="0"/><line number="475" hits="0"/><line number="481" hits="0"/><line number="484" hits="7"/><line number="490" hits="12"/><line number="491" hits="0"/><line number="492" hits="1"/><line number="496" hits="0"/><line number="497" hits="0"/><line number="498" hits="1"/><line number="502" hits="0"/><line number="503" hits="2"/><line number="504" hits="2"/><line number="506" hits="1"/><line number="507" hits="0"/><line number="508" hits="2"/><line number="509" hits="0"/><line number="511" hits="0"/><line number="514" hits="2"/><line number="516" hits="0"/><line number="518" hits="0"/><line number="519" hits="0"/><line number="520" hits="0"/><line number="521" hits="0"/><line number="522" hits="0"/><line number="532" hits="2"/><line number="533" hits="0"/><line number="534" hits="0"/><line number="539" hits="0"/><line number="541" hits="0"/><line number="542" hits="0"/><line number="543" hits="0"/><line number="544" hits="0"/><line number="545" hits="0"/><line number="556" hits="0"/><line number="557" hits="0"/><line number="558" hits="0"/><line number="559" hits="0"/><line number="560" hits="0"/><line number="561" hits="0"/><line number="565" hits="1"/><line number="567" hits="1"/><line number="568" hits="1"/><line number="574" hits="2"/><line number="577" hits="6"/><line number="578" hits="6"/><line number="579" hits="6"/><line number="581" hits="6"/><line number="582" hits="6"/><line number="583" hits="6"/><line number="584" hits="0"/><line number="586" hits="3"/><line number="589" hits="3"/><line number="590" hits="3"/><line number="591" hits="3"/><line number="592" hits="3"/><line number="593" hits="6"/><line number="594" hits="6"/><line number="595" hits="3"/><line number="600" hits="4"/><line number="601" hits="2"/><line number="602" hits="2"/><line number="603" hits="2"/></lines></class><class name="stats" filename="src/stats.rs" line-rate="0.7448979591836735" branch-rate="0" complexity="0"><methods/><lines><line number="24" hits="19"/><line number="26" hits="57"/><line number="27" hits="57"/><line number="28" hits="57"/><line number="29" hits="57"/><line number="30" hits="19"/><line number="35" hits="158"/><line number="44" hits="474"/><line number="46" hits="474"/><line number="48" hits="474"/><line number="50" hits="474"/><line number="52" hits="474"/><line number="56" hits="316"/><line number="57" hits="316"/><line number="59" hits="314"/><line number="60" hits="0"/><line number="63" hits="316"/><line number="64" hits="0"/><line number="67" hits="158"/><line number="70" hits="158"/><line number="71" hits="18"/><line number="72" hits="18"/><line number="75" hits="18"/><line number="76" hits="18"/><line number="79" hits="18"/><line number="80" hits="18"/><line number="82" hits="18"/><line number="83" hits="18"/><line number="87" hits="18"/><line number="88" hits="18"/><line number="92" hits="13"/><line number="94" hits="39"/><line number="96" hits="39"/><line number="98" hits="39"/><line number="100" hits="39"/><line number="102" hits="52"/><line number="103" hits="13"/><line number="105" hits="13"/><line number="106" hits="13"/><line number="107" hits="39"/><line number="108" hits="39"/><line number="109" hits="39"/><line number="110" hits="39"/><line number="114" hits="5"/><line number="116" hits="15"/><line number="118" hits="15"/><line number="120" hits="15"/><line number="122" hits="15"/><line number="124" hits="15"/><line number="128" hits="5"/><line number="129" hits="5"/><line number="130" hits="5"/><line number="131" hits="5"/><line number="132" hits="5"/><line number="135" hits="11"/><line number="136" hits="33"/><line number="137" hits="11"/><line number="140" hits="6"/><line number="141" hits="18"/><line number="143" hits="6"/><line number="144" hits="6"/><line number="146" hits="0"/><line number="151" hits="57"/><line number="152" hits="114"/><line number="153" hits="25"/><line number="154" hits="25"/><line number="155" hits="25"/><line number="156" hits="25"/><line number="157" hits="25"/><line number="158" hits="25"/><line number="163" hits="3060"/><line number="164" hits="0"/><line number="165" hits="0"/><line number="166" hits="0"/><line number="167" hits="0"/><line number="168" hits="0"/><line number="169" hits="0"/><line number="170" hits="0"/><line number="174" hits="0"/><line number="175" hits="7505"/><line number="178" hits="0"/><line number="179" hits="0"/><line number="180" hits="0"/><line number="181" hits="0"/><line number="182" hits="0"/><line number="183" hits="0"/><line number="184" hits="0"/><line number="188" hits="0"/><line number="189" hits="0"/><line number="190" hits="0"/><line number="193" hits="0"/><line number="194" hits="1"/><line number="196" hits="31"/><line number="198" hits="0"/><line number="200" hits="0"/><line number="201" hits="1"/><line number="203" hits="31"/><line number="205" hits="0"/></lines></class></classes></package><package name="examples" line-rate="0" branch-rate="0" complexity="0"><classes></classes></package><package name="tests" line-rate="0" branch-rate="0" complexity="0"><classes></classes></package></packages></coverage>